0 info it worked if it ends with ok
1 verbose cli [ '/usr/local/bin/node', '/usr/local/bin/npm', 'run', 'dev' ]
2 info using npm@3.10.10
3 info using node@v7.2.1
4 verbose run-script [ 'predev', 'dev', 'postdev' ]
5 info lifecycle recat-note@1.0.0~predev: recat-note@1.0.0
6 silly lifecycle recat-note@1.0.0~predev: no script for predev, continuing
7 info lifecycle recat-note@1.0.0~dev: recat-note@1.0.0
8 verbose lifecycle recat-note@1.0.0~dev: unsafe-perm in lifecycle true
9 verbose lifecycle recat-note@1.0.0~dev: PATH: /usr/local/lib/node_modules/npm/bin/node-gyp-bin:/home/zeyed/Documents/Personal/React-Note/node_modules/.bin:/usr/local/bin:/usr/local/sbin:/home/zeyed/.local/share/umake/bin:/usr/sbin:/usr/bin:/sbin:/bin:/usr/games:/usr/local/games:/snap/bin:/usr/lib/jvm/java-8-oracle/bin:/usr/lib/jvm/java-8-oracle/db/bin:/usr/lib/jvm/java-8-oracle/jre/bin:/home/zeyed/.rvm/bin:/home/zeyed/.rvm/bin:/home/zeyed/.rvm/bin
10 verbose lifecycle recat-note@1.0.0~dev: CWD: /home/zeyed/Documents/Personal/React-Note
11 silly lifecycle recat-note@1.0.0~dev: Args: [ '-c', 'webpack -p && webpack-dev-server' ]
12 silly lifecycle recat-note@1.0.0~dev: Returned: code: 2  signal: null
13 info lifecycle recat-note@1.0.0~dev: Failed to exec dev script
14 verbose stack Error: recat-note@1.0.0 dev: `webpack -p && webpack-dev-server`
14 verbose stack Exit status 2
14 verbose stack     at EventEmitter.<anonymous> (/usr/local/lib/node_modules/npm/lib/utils/lifecycle.js:255:16)
14 verbose stack     at emitTwo (events.js:106:13)
14 verbose stack     at EventEmitter.emit (events.js:191:7)
14 verbose stack     at ChildProcess.<anonymous> (/usr/local/lib/node_modules/npm/lib/utils/spawn.js:40:14)
14 verbose stack     at emitTwo (events.js:106:13)
14 verbose stack     at ChildProcess.emit (events.js:191:7)
14 verbose stack     at maybeClose (internal/child_process.js:885:16)
14 verbose stack     at Process.ChildProcess._handle.onexit (internal/child_process.js:226:5)
15 verbose pkgid recat-note@1.0.0
16 verbose cwd /home/zeyed/Documents/Personal/React-Note
17 error Linux 4.4.0-59-generic
18 error argv "/usr/local/bin/node" "/usr/local/bin/npm" "run" "dev"
19 error node v7.2.1
20 error npm  v3.10.10
21 error code ELIFECYCLE
22 error recat-note@1.0.0 dev: `webpack -p && webpack-dev-server`
22 error Exit status 2
23 error Failed at the recat-note@1.0.0 dev script 'webpack -p && webpack-dev-server'.
23 error Make sure you have the latest version of node.js and npm installed.
23 error If you do, this is most likely a problem with the recat-note package,
23 error not with npm itself.
23 error Tell the author that this fails on your system:
23 error     webpack -p && webpack-dev-server
23 error You can get information on how to open an issue for this project with:
23 error     npm bugs recat-note
23 error Or if that isn't available, you can get their info via:
23 error     npm owner ls recat-note
23 error There is likely additional logging output above.
24 verbose exit [ 1, true ]
